INFO: [XSIM 43-3496] Using init file passed via -initfile option "C:/Xilinx/Vivado/2019.1/data/xsim/ip/xsim_ip.ini".
Vivado Simulator 2019.1
Copyright 1986-1999, 2001-2019 Xilinx, Inc. All Rights Reserved.
Running: C:/Xilinx/Vivado/2019.1/bin/unwrapped/win64.o/xelab.exe xil_defaultlib.apatb_multiply_matrices_top glbl -prj multiply_matrices.prj -L smartconnect_v1_0 -L axi_protocol_checker_v1_1_12 -L axi_protocol_checker_v1_1_13 -L axis_protocol_checker_v1_1_11 -L axis_protocol_checker_v1_1_12 -L xil_defaultlib -L unisims_ver -L xpm --initfile C:/Xilinx/Vivado/2019.1/data/xsim/ip/xsim_ip.ini --lib ieee_proposed=./ieee_proposed -s multiply_matrices -debug wave 
Multi-threading is on. Using 2 slave threads.
INFO: [VRFC 10-2263] Analyzing SystemVerilog file "E:/University/4course/SystemofChip/Labs/2/lab2/solution1/sim/verilog/glbl.v" into library work
INFO: [VRFC 10-311] analyzing module glbl
INFO: [VRFC 10-2263] Analyzing SystemVerilog file "E:/University/4course/SystemofChip/Labs/2/lab2/solution1/sim/verilog/AESL_automem_a.v" into library xil_defaultlib
INFO: [VRFC 10-311] analyzing module AESL_automem_a
INFO: [VRFC 10-2263] Analyzing SystemVerilog file "E:/University/4course/SystemofChip/Labs/2/lab2/solution1/sim/verilog/AESL_automem_b.v" into library xil_defaultlib
INFO: [VRFC 10-311] analyzing module AESL_automem_b
INFO: [VRFC 10-2263] Analyzing SystemVerilog file "E:/University/4course/SystemofChip/Labs/2/lab2/solution1/sim/verilog/AESL_automem_c.v" into library xil_defaultlib
INFO: [VRFC 10-311] analyzing module AESL_automem_c
INFO: [VRFC 10-2263] Analyzing SystemVerilog file "E:/University/4course/SystemofChip/Labs/2/lab2/solution1/sim/verilog/multiply_matrices.autotb.v" into library xil_defaultlib
INFO: [VRFC 10-311] analyzing module apatb_multiply_matrices_top
INFO: [VRFC 10-2263] Analyzing SystemVerilog file "E:/University/4course/SystemofChip/Labs/2/lab2/solution1/sim/verilog/multiply_matrices.v" into library xil_defaultlib
INFO: [VRFC 10-311] analyzing module multiply_matrices
INFO: [VRFC 10-2263] Analyzing SystemVerilog file "E:/University/4course/SystemofChip/Labs/2/lab2/solution1/sim/verilog/multiply_matricesbkb.v" into library xil_defaultlib
INFO: [VRFC 10-311] analyzing module multiply_matricesbkb_DSP48_0
INFO: [VRFC 10-311] analyzing module multiply_matricesbkb
Starting static elaboration
Completed static elaboration
Starting simulation data flow analysis
Completed simulation data flow analysis
Time Resolution for simulation is 1ps
Compiling module xil_defaultlib.multiply_matricesbkb_DSP48_0
Compiling module xil_defaultlib.multiply_matricesbkb(ID=1,NUM_ST...
Compiling module xil_defaultlib.multiply_matrices
Compiling module xil_defaultlib.AESL_automem_a
Compiling module xil_defaultlib.AESL_automem_b
Compiling module xil_defaultlib.AESL_automem_c
Compiling module xil_defaultlib.apatb_multiply_matrices_top
Compiling module work.glbl
Built simulation snapshot multiply_matrices
